{"/home/uni/projects/unis/src/index.ts": {"path":"/home/uni/projects/unis/src/index.ts","statementMap":{"0":{"start":{"line":1,"column":0},"end":{"line":1,"column":35}}},"fnMap":{},"branchMap":{},"s":{"0":0},"f":{},"b":{}}
,"/home/uni/projects/unis/src/components/Atoms/index.ts": {"path":"/home/uni/projects/unis/src/components/Atoms/index.ts","statementMap":{"0":{"start":{"line":1,"column":0},"end":{"line":1,"column":9}},"1":{"start":{"line":1,"column":9},"end":{"line":1,"column":27}}},"fnMap":{"0":{"name":"(anonymous_1)","decl":{"start":{"line":1,"column":9},"end":{"line":1,"column":16}},"loc":{"start":{"line":1,"column":9},"end":{"line":1,"column":27}}}},"branchMap":{},"s":{"0":0,"1":0},"f":{"0":0},"b":{}}
,"/home/uni/projects/unis/src/components/Atoms/Heading/Heading.component.tsx": {"path":"/home/uni/projects/unis/src/components/Atoms/Heading/Heading.component.tsx","statementMap":{"0":{"start":{"line":1,"column":0},"end":{"line":1,"column":61}},"1":{"start":{"line":2,"column":0},"end":{"line":2,"column":45}},"2":{"start":{"line":27,"column":34},"end":{"line":33,"column":null}},"3":{"start":{"line":28,"column":11},"end":{"line":28,"column":null}},"4":{"start":{"line":29,"column":11},"end":{"line":29,"column":null}},"5":{"start":{"line":30,"column":7},"end":{"line":30,"column":null}},"6":{"start":{"line":31,"column":10},"end":{"line":31,"column":null}},"7":{"start":{"line":32,"column":9},"end":{"line":32,"column":null}},"8":{"start":{"line":33,"column":6},"end":{"line":43,"column":2}},"9":{"start":{"line":45,"column":0},"end":{"line":45,"column":23}}},"fnMap":{"0":{"name":"(anonymous_0)","decl":{"start":{"line":27,"column":34},"end":{"line":27,"column":35}},"loc":{"start":{"line":33,"column":1},"end":{"line":33,"column":null}}}},"branchMap":{},"s":{"0":1,"1":1,"2":1,"3":3,"4":3,"5":3,"6":3,"7":3,"8":3,"9":1},"f":{"0":3},"b":{}}
,"/home/uni/projects/unis/src/components/Atoms/Heading/Heading.stories.tsx": {"path":"/home/uni/projects/unis/src/components/Atoms/Heading/Heading.stories.tsx","statementMap":{"0":{"start":{"line":1,"column":0},"end":{"line":1,"column":26}},"1":{"start":{"line":3,"column":0},"end":{"line":3,"column":51}},"2":{"start":{"line":5,"column":0},"end":{"line":40,"column":10}},"3":{"start":{"line":42,"column":38},"end":{"line":42,"column":null}},"4":{"start":{"line":42,"column":46},"end":{"line":46,"column":2}},"5":{"start":{"line":48,"column":13},"end":{"line":48,"column":41}},"6":{"start":{"line":50,"column":0},"end":{"line":53,"column":2}}},"fnMap":{"0":{"name":"(anonymous_0)","decl":{"start":{"line":42,"column":38},"end":{"line":42,"column":42}},"loc":{"start":{"line":42,"column":42},"end":{"line":42,"column":null}}}},"branchMap":{},"s":{"0":0,"1":0,"2":0,"3":0,"4":0,"5":0,"6":0},"f":{"0":0},"b":{}}
,"/home/uni/projects/unis/src/components/Atoms/Heading/Heading.styles.tsx": {"path":"/home/uni/projects/unis/src/components/Atoms/Heading/Heading.styles.tsx","statementMap":{"0":{"start":{"line":1,"column":0},"end":{"line":1,"column":39}},"1":{"start":{"line":2,"column":0},"end":{"line":2,"column":55}},"2":{"start":{"line":5,"column":22},"end":{"line":7,"column":null}},"3":{"start":{"line":6,"column":14},"end":{"line":6,"column":16}},"4":{"start":{"line":6,"column":21},"end":{"line":6,"column":48}},"5":{"start":{"line":10,"column":0},"end":{"line":12,"column":2}},"6":{"start":{"line":14,"column":0},"end":{"line":14,"column":29}}},"fnMap":{"0":{"name":"(anonymous_0)","decl":{"start":{"line":6,"column":4},"end":{"line":6,"column":5}},"loc":{"start":{"line":6,"column":16},"end":{"line":6,"column":null}}}},"branchMap":{"0":{"loc":{"start":{"line":5,"column":33},"end":{"line":5,"column":47}},"type":"binary-expr","locations":[{"start":{"line":5,"column":33},"end":{"line":5,"column":47}},{"start":{"line":5,"column":33},"end":{"line":8,"column":2}}]},"1":{"loc":{"start":{"line":6,"column":37},"end":{"line":6,"column":40}},"type":"cond-expr","locations":[{"start":{"line":6,"column":37},"end":{"line":6,"column":40}},{"start":{"line":6,"column":37},"end":{"line":6,"column":48}}]},"2":{"loc":{"start":{"line":6,"column":21},"end":{"line":6,"column":40}},"type":"binary-expr","locations":[{"start":{"line":6,"column":21},"end":{"line":6,"column":40}},{"start":{"line":6,"column":37},"end":{"line":6,"column":40}}]},"3":{"loc":{"start":{"line":7,"column":24},"end":{"line":7,"column":26}},"type":"cond-expr","locations":[{"start":{"line":7,"column":24},"end":{"line":7,"column":26}},{"start":{"line":7,"column":24},"end":{"line":7,"column":37}}]},"4":{"loc":{"start":{"line":6,"column":48},"end":{"line":7,"column":26}},"type":"binary-expr","locations":[{"start":{"line":6,"column":48},"end":{"line":7,"column":26}},{"start":{"line":7,"column":24},"end":{"line":7,"column":26}}]}},"s":{"0":1,"1":1,"2":1,"3":3,"4":3,"5":1,"6":1},"f":{"0":3},"b":{"0":[1,1],"1":[0,3],"2":[3,3],"3":[0,1],"4":[1,1]}}
,"/home/uni/projects/unis/src/components/Atoms/Heading/index.ts": {"path":"/home/uni/projects/unis/src/components/Atoms/Heading/index.ts","statementMap":{"0":{"start":{"line":1,"column":0},"end":{"line":1,"column":9}},"1":{"start":{"line":1,"column":9},"end":{"line":1,"column":46}}},"fnMap":{"0":{"name":"(anonymous_1)","decl":{"start":{"line":1,"column":9},"end":{"line":1,"column":16}},"loc":{"start":{"line":1,"column":9},"end":{"line":1,"column":46}}}},"branchMap":{},"s":{"0":1,"1":4},"f":{"0":3},"b":{}}
,"/home/uni/projects/unis/src/theme/index.ts": {"path":"/home/uni/projects/unis/src/theme/index.ts","statementMap":{"0":{"start":{"line":1,"column":0},"end":{"line":1,"column":9}},"1":{"start":{"line":1,"column":9},"end":{"line":1,"column":46}}},"fnMap":{"0":{"name":"(anonymous_0)","decl":{"start":{"line":1,"column":9},"end":{"line":1,"column":21}},"loc":{"start":{"line":1,"column":9},"end":{"line":1,"column":46}}}},"branchMap":{},"s":{"0":1,"1":6},"f":{"0":5},"b":{}}
,"/home/uni/projects/unis/src/theme/DefaultTheme/DefaultTheme.ts": {"path":"/home/uni/projects/unis/src/theme/DefaultTheme/DefaultTheme.ts","statementMap":{"0":{"start":{"line":1,"column":0},"end":{"line":1,"column":50}},"1":{"start":{"line":2,"column":0},"end":{"line":2,"column":50}},"2":{"start":{"line":3,"column":0},"end":{"line":3,"column":50}},"3":{"start":{"line":5,"column":0},"end":{"line":5,"column":54}},"4":{"start":{"line":7,"column":13},"end":{"line":13,"column":2}}},"fnMap":{},"branchMap":{},"s":{"0":1,"1":1,"2":1,"3":1,"4":1},"f":{},"b":{}}
,"/home/uni/projects/unis/src/theme/DefaultTheme/defaultEffects.ts": {"path":"/home/uni/projects/unis/src/theme/DefaultTheme/defaultEffects.ts","statementMap":{"0":{"start":{"line":3,"column":13},"end":{"line":10,"column":2}}},"fnMap":{},"branchMap":{},"s":{"0":1},"f":{},"b":{}}
,"/home/uni/projects/unis/src/theme/DefaultTheme/defaultPalette.ts": {"path":"/home/uni/projects/unis/src/theme/DefaultTheme/defaultPalette.ts","statementMap":{"0":{"start":{"line":5,"column":13},"end":{"line":20,"column":2}}},"fnMap":{},"branchMap":{},"s":{"0":1},"f":{},"b":{}}
,"/home/uni/projects/unis/src/theme/DefaultTheme/defaultSpacing.ts": {"path":"/home/uni/projects/unis/src/theme/DefaultTheme/defaultSpacing.ts","statementMap":{"0":{"start":{"line":3,"column":13},"end":{"line":10,"column":2}}},"fnMap":{},"branchMap":{},"s":{"0":1},"f":{},"b":{}}
,"/home/uni/projects/unis/src/theme/DefaultTheme/defaultTypeScale.ts": {"path":"/home/uni/projects/unis/src/theme/DefaultTheme/defaultTypeScale.ts","statementMap":{"0":{"start":{"line":2,"column":0},"end":{"line":2,"column":49}},"1":{"start":{"line":4,"column":34},"end":{"line":4,"column":58}},"2":{"start":{"line":6,"column":43},"end":{"line":8,"column":2}},"3":{"start":{"line":10,"column":13},"end":{"line":46,"column":2}}},"fnMap":{},"branchMap":{},"s":{"0":1,"1":1,"2":1,"3":1},"f":{},"b":{}}
,"/home/uni/projects/unis/src/theme/DefaultTheme/index.ts": {"path":"/home/uni/projects/unis/src/theme/DefaultTheme/index.ts","statementMap":{"0":{"start":{"line":1,"column":0},"end":{"line":1,"column":9}},"1":{"start":{"line":1,"column":9},"end":{"line":1,"column":46}}},"fnMap":{"0":{"name":"(anonymous_0)","decl":{"start":{"line":1,"column":9},"end":{"line":1,"column":21}},"loc":{"start":{"line":1,"column":9},"end":{"line":1,"column":46}}}},"branchMap":{},"s":{"0":1,"1":6},"f":{"0":5},"b":{}}
,"/home/uni/projects/unis/src/theme/types/createFont.ts": {"path":"/home/uni/projects/unis/src/theme/types/createFont.ts","statementMap":{"0":{"start":{"line":6,"column":27},"end":{"line":6,"column":null}},"1":{"start":{"line":6,"column":60},"end":{"line":9,"column":3}},"2":{"start":{"line":3,"column":13},"end":{"line":3,"column":null}}},"fnMap":{"0":{"name":"(anonymous_0)","decl":{"start":{"line":6,"column":27},"end":{"line":6,"column":28}},"loc":{"start":{"line":6,"column":55},"end":{"line":6,"column":null}}}},"branchMap":{},"s":{"0":1,"1":5,"2":1},"f":{"0":5},"b":{}}
,"/home/uni/projects/unis/src/theme/types/index.ts": {"path":"/home/uni/projects/unis/src/theme/types/index.ts","statementMap":{"0":{"start":{"line":1,"column":0},"end":{"line":1,"column":27}},"1":{"start":{"line":2,"column":0},"end":{"line":2,"column":27}},"2":{"start":{"line":3,"column":0},"end":{"line":3,"column":29}},"3":{"start":{"line":4,"column":0},"end":{"line":4,"column":27}},"4":{"start":{"line":5,"column":0},"end":{"line":5,"column":25}}},"fnMap":{},"branchMap":{},"s":{"0":0,"1":0,"2":0,"3":0,"4":0},"f":{},"b":{}}
}
